Build started 2014-12-01 3:05:25 PM.
     1>Project "C:\Users\STEVEN\Desktop\Project_Bromaron\Project_Bromaron_v1.0.2\Project_Bromaron\Project_Bromaron\Project_Bromaron.vcxproj" on node 2 (Build target(s)).
     1>FxCompile:
         C:\Program Files (x86)\Windows Kits\8.1\bin\x86\fxc.exe /nologo /E"main" /T ps_4_0_level_9_1 /Fo "C:\Users\STEVEN\Desktop\Project_Bromaron\Project_Bromaron_v1.0.2\Project_Bromaron\Debug\Project_Bromaron\SamplePixelShader.cso" /Od /Zi Content\SamplePixelShader.hlsl 
         compilation object save succeeded; see C:\Users\STEVEN\Desktop\Project_Bromaron\Project_Bromaron_v1.0.2\Project_Bromaron\Debug\Project_Bromaron\SamplePixelShader.cso
         C:\Program Files (x86)\Windows Kits\8.1\bin\x86\fxc.exe /nologo /E"main" /T vs_4_0_level_9_1 /Fo "C:\Users\STEVEN\Desktop\Project_Bromaron\Project_Bromaron_v1.0.2\Project_Bromaron\Debug\Project_Bromaron\SampleVertexShader.cso" /Od /Zi Content\SampleVertexShader.hlsl 
         compilation object save succeeded; see C:\Users\STEVEN\Desktop\Project_Bromaron\Project_Bromaron_v1.0.2\Project_Bromaron\Debug\Project_Bromaron\SampleVertexShader.cso
       ClCompile:
         C:\Program Files (x86)\Microsoft Visual Studio 12.0\VC\bin\CL.exe /c /IC:\Users\STEVEN\Desktop\Project_Bromaron\Project_Bromaron_v1.0.2\Project_Bromaron\Project_Bromaron\ /IDebug\ /IC:\Users\STEVEN\Desktop\Project_Bromaron\Project_Bromaron_v1.0.2\Project_Bromaron\Project_Bromaron\ /I"Generated Files\\" /IDebug\ /ZI /ZW /ZW:nostdlib /nologo /W3 /WX- /sdl /MP /Od /Oy- /D _DEBUG /D _UNICODE /D UNICODE /D _DEBUG /D WINAPI_FAMILY=WINAPI_FAMILY_APP /Gm- /EHsc /RTC1 /MDd /GS /fp:precise /Zc:wchar_t /Zc:forScope /Yc"pch.h" /Fp"Debug\pch.pch" /Fo"Debug\\" /Fd"Debug\vc120.pdb" /Gd /TP /wd4453 /wd28204 /FU"C:\Program Files (x86)\Microsoft SDKs\Windows\v8.1\ExtensionSDKs\Microsoft.VCLibs\12.0\References\CommonConfiguration\neutral\platform.winmd" /FU"C:\Program Files (x86)\Windows Kits\8.1\References\CommonConfiguration\Neutral\Windows.winmd" /FU"C:\Program Files (x86)\Windows Kits\8.1\References\CommonConfiguration\Neutral\Windows.winmd" /analyze- /errorReport:prompt /bigobj pch.cpp
         pch.cpp
         C:\Program Files (x86)\Microsoft Visual Studio 12.0\VC\bin\CL.exe /c /IC:\Users\STEVEN\Desktop\Project_Bromaron\Project_Bromaron_v1.0.2\Project_Bromaron\Project_Bromaron\ /IDebug\ /IC:\Users\STEVEN\Desktop\Project_Bromaron\Project_Bromaron_v1.0.2\Project_Bromaron\Project_Bromaron\ /I"Generated Files\\" /IDebug\ /ZI /ZW /ZW:nostdlib /nologo /W3 /WX- /sdl /MP /Od /Oy- /D _DEBUG /D _UNICODE /D UNICODE /D _DEBUG /D WINAPI_FAMILY=WINAPI_FAMILY_APP /Gm- /EHsc /RTC1 /MDd /GS /fp:precise /Zc:wchar_t /Zc:forScope /Yu"pch.h" /Fp"Debug\pch.pch" /Fo"Debug\\" /Fd"Debug\vc120.pdb" /Gd /TP /wd4453 /wd28204 /FU"C:\Program Files (x86)\Microsoft SDKs\Windows\v8.1\ExtensionSDKs\Microsoft.VCLibs\12.0\References\CommonConfiguration\neutral\platform.winmd" /FU"C:\Program Files (x86)\Windows Kits\8.1\References\CommonConfiguration\Neutral\Windows.winmd" /FU"C:\Program Files (x86)\Windows Kits\8.1\References\CommonConfiguration\Neutral\Windows.winmd" /analyze- /errorReport:prompt /bigobj Helpers\InputManager.cpp Helpers\OverlayManager.cpp Helpers\SoundPlayer.cpp App.cpp Helpers\DeviceResources.cpp Project_BromaronMain.cpp Content\Sample3DSceneRenderer.cpp Content\SampleDebugTextRenderer.cpp Content\SampleVirtualControllerRenderer.cpp
         InputManager.cpp
         OverlayManager.cpp
         SoundPlayer.cpp
         App.cpp
         DeviceResources.cpp
         Project_BromaronMain.cpp
         Sample3DSceneRenderer.cpp
         SampleDebugTextRenderer.cpp
         SampleVirtualControllerRenderer.cpp
       Link:
         C:\Program Files (x86)\Microsoft Visual Studio 12.0\VC\bin\link.exe /ERRORREPORT:PROMPT /OUT:"C:\Users\STEVEN\Desktop\Project_Bromaron\Project_Bromaron_v1.0.2\Project_Bromaron\Debug\Project_Bromaron\Project_Bromaron.exe" /INCREMENTAL /NOLOGO /LIBPATH:"C:\Program Files (x86)\Microsoft Visual Studio 12.0\VC\\lib\store" /LIBPATH:"C:\Program Files (x86)\Microsoft Visual Studio 12.0\VC\\lib" d2d1.lib d3d11.lib dxgi.lib ole32.lib windowscodecs.lib dwrite.lib xaudio2.lib mfcore.lib mfplat.lib mfreadwrite.lib xinput.lib mfuuid.lib kernel32.lib /MANIFEST:NO /DEBUG /PDB:"C:\Users\STEVEN\Desktop\Project_Bromaron\Project_Bromaron_v1.0.2\Project_Bromaron\Debug\Project_Bromaron\Project_Bromaron.pdb" /SUBSYSTEM:WINDOWS /TLBID:1 /APPCONTAINER /WINMD /WINMDFILE:"C:\Users\STEVEN\Desktop\Project_Bromaron\Project_Bromaron_v1.0.2\Project_Bromaron\Debug\Project_Bromaron\Project_Bromaron.winmd" /DYNAMICBASE /NXCOMPAT /MACHINE:X86 Debug\InputManager.obj
         Debug\OverlayManager.obj
         Debug\SoundPlayer.obj
         Debug\App.obj
         Debug\DeviceResources.obj
         Debug\Project_BromaronMain.obj
         Debug\Sample3DSceneRenderer.obj
         Debug\SampleDebugTextRenderer.obj
         Debug\SampleVirtualControllerRenderer.obj
         Debug\pch.obj
         Project_Bromaron.vcxproj -> C:\Users\STEVEN\Desktop\Project_Bromaron\Project_Bromaron_v1.0.2\Project_Bromaron\Debug\Project_Bromaron\Project_Bromaron.exe
       _GenerateProjectPriFileCore:
         C:\Program Files (x86)\Windows Kits\8.1\bin\x64\MakePri.exe New -ProjectRoot C:\Users\STEVEN\Desktop\Project_Bromaron\Project_Bromaron_v1.0.2\Project_Bromaron\Project_Bromaron\ -ConfigXml Debug\priconfig.xml -OutputFile C:\Users\STEVEN\Desktop\Project_Bromaron\Project_Bromaron_v1.0.2\Project_Bromaron\Debug\Project_Bromaron\resources.pri -IndexName c404f662-9f5b-42eb-ae80-cf608ccc6681 -Verbose -Overwrite  
     1>Done Building Project "C:\Users\STEVEN\Desktop\Project_Bromaron\Project_Bromaron_v1.0.2\Project_Bromaron\Project_Bromaron\Project_Bromaron.vcxproj" (Build target(s)).

Build succeeded.

Time Elapsed 00:00:16.57
